<?xml version="1.0" encoding="UTF-8"?>
<testng-results ignored="0" total="1" passed="1" failed="0" skipped="0">
  <reporter-output>
  </reporter-output>
  <suite started-at="2022-06-15T12:18:01 AKDT" name="KafkaConsumerTest" finished-at="2022-06-15T12:18:03 AKDT" duration-ms="2024">
    <groups>
    </groups>
    <test started-at="2022-06-15T12:18:01 AKDT" name="CensusConsumerTest" finished-at="2022-06-15T12:18:03 AKDT" duration-ms="2024">
      <class name="tests.CensusTest">
        <test-method signature="producerTest()[pri:0, instance:tests.CensusTest@11c20519]" started-at="2022-06-15T12:18:01 AKDT" name="producerTest" finished-at="2022-06-15T12:18:03 AKDT" duration-ms="1995" status="PASS">
          <reporter-output>
          </reporter-output>
        </test-method> <!-- producerTest -->
      </class> <!-- tests.CensusTest -->
    </test> <!-- CensusConsumerTest -->
  </suite> <!-- KafkaConsumerTest -->
</testng-results>
