<?xml version="1.0" encoding="UTF-8"?>
<testsuite xmlns:xsi="http://www.w3.org/2001/XMLSchema-instance" xsi:noNamespaceSchemaLocation="https://maven.apache.org/surefire/maven-surefire-plugin/xsd/surefire-test-report-3.0.xsd" version="3.0" name="TestSuite" time="2.168" tests="1" errors="0" skipped="0" failures="0">
  <properties>
[...]
</properties>
  <testcase name="producerTest" classname="tests.CensusTest" time="1.794">
    <system-out><![CDATA[[INFO ] 2022-06-02 14:29:15.552 [main] Log - Print metadata in Json format
{"event_type":"CENSUS_INFERENCE_EVENT","version":"1.0","event_id":"ec5bc5ed-4b69-4150-a7e9-7c9ea4d2e83d","event_time_ms":1637434057158,"client_id":"11d16135-8b71-46b0-bfa2-1d5f3d4f63e8","location_id":"9fec9a2a-e652-485b-9d90-f673b69ffcd6","event_source":"ML_LAMBDA_CENSUS","payload":{"eventData":{"inferenceData":[{"id":"2345"}]}}}
[INFO ] 2022-06-02 14:29:15.584 [main] Log - Produce newcensusEvent 
census-event   0  27  1654208956292
[INFO ] 2022-06-02 14:29:16.361 [kafka-producer-network-thread | producer-1] Log - Checking metadata
[INFO ] 2022-06-02 14:29:16.362 [kafka-producer-network-thread | producer-1] Log - Topic: census-event
[INFO ] 2022-06-02 14:29:16.363 [kafka-producer-network-thread | producer-1] Log - Partition: 0
[INFO ] 2022-06-02 14:29:16.363 [kafka-producer-network-thread | producer-1] Log - Offset: 27
[INFO ] 2022-06-02 14:29:16.363 [kafka-producer-network-thread | producer-1] Log - Timestamp: 1654208956292
Topic is successfully produced
Key: null , Event_id : ec5bc5ed-4b69-4150-a7e9-7c9ea4d2e83d , Client_id : 11d16135-8b71-46b0-bfa2-1d5f3d4f63e8
[INFO ] 2022-06-02 14:29:16.577 [main] Log - Verifying client_id is correctly produced
[INFO ] 2022-06-02 14:29:16.578 [main] Log - Verifying event_id is correctly produced
[INFO ] 2022-06-02 14:29:16.578 [main] Log - Convert Epoch Time to date for future reference
20/11/2021 12:47:37
[INFO ] 2022-06-02 14:29:16.579 [main] Log - Check event type
[INFO ] 2022-06-02 14:29:16.579 [main] Log - if event_type = CENSUS, parse payload in consumer to json
{"eventData":{"inferenceData":[{"id":"2345"}]}}
]]></system-out>
    <system-err><![CDATA[SLF4J: Failed to load class "org.slf4j.impl.StaticLoggerBinder".
SLF4J: Defaulting to no-operation (NOP) logger implementation
SLF4J: See http://www.slf4j.org/codes.html#StaticLoggerBinder for further details.
]]></system-err>
  </testcase>
</testsuite>